TN:
SF:src/context.ts
FN:98,Context
FNF:1
FNH:1
FNDA:1,Context
DA:1,1
DA:2,1
DA:3,1
DA:4,1
DA:5,1
DA:6,1
DA:7,1
DA:8,1
DA:9,1
DA:10,1
DA:11,1
DA:12,1
DA:13,1
DA:14,1
DA:15,1
DA:16,1
DA:17,1
DA:18,1
DA:19,1
DA:20,1
DA:21,1
DA:22,1
DA:23,1
DA:24,1
DA:25,1
DA:26,1
DA:27,1
DA:28,1
DA:29,1
DA:30,1
DA:31,1
DA:32,1
DA:33,1
DA:34,1
DA:35,1
DA:36,1
DA:37,1
DA:38,1
DA:39,1
DA:40,1
DA:41,1
DA:42,1
DA:43,1
DA:44,1
DA:45,1
DA:46,1
DA:47,1
DA:48,1
DA:49,1
DA:50,1
DA:51,1
DA:52,1
DA:53,1
DA:54,1
DA:55,1
DA:56,1
DA:57,1
DA:58,1
DA:59,1
DA:60,1
DA:61,1
DA:62,1
DA:63,1
DA:64,1
DA:65,1
DA:66,1
DA:67,1
DA:68,1
DA:69,1
DA:70,1
DA:71,1
DA:72,1
DA:73,1
DA:74,1
DA:75,1
DA:76,1
DA:77,1
DA:78,1
DA:79,1
DA:80,1
DA:81,1
DA:82,1
DA:83,1
DA:84,1
DA:85,1
DA:86,1
DA:87,1
DA:88,1
DA:89,1
DA:90,1
DA:91,1
DA:92,1
DA:93,1
DA:94,1
DA:95,1
DA:96,1
DA:97,1
DA:98,1
DA:99,1
DA:100,1
DA:101,1
LF:101
LH:101
BRDA:86,0,0,1
BRDA:98,1,0,1
BRF:2
BRH:2
end_of_record
TN:
SF:src/pipe.ts
FN:26,PipeAxios
FN:32,Object.<anonymous>.PipeAxios.send
FN:57,Object.<anonymous>.PipeAxios.get
FN:64,Object.<anonymous>.PipeAxios.post
FN:71,Object.<anonymous>.PipeAxios.put
FN:78,Object.<anonymous>.PipeAxios.delete
FN:85,Object.<anonymous>.PipeAxios.patch
FN:93,Object.<anonymous>.PipeAxios.install
FN:112,createPipeAxios
FN:133,useService
FN:163,useMiddleware
FN:184,useFetch
FNF:12
FNH:3
FNDA:1,PipeAxios
FNDA:1,Object.<anonymous>.PipeAxios.send
FNDA:1,Object.<anonymous>.PipeAxios.get
FNDA:0,Object.<anonymous>.PipeAxios.post
FNDA:0,Object.<anonymous>.PipeAxios.put
FNDA:0,Object.<anonymous>.PipeAxios.delete
FNDA:0,Object.<anonymous>.PipeAxios.patch
FNDA:0,Object.<anonymous>.PipeAxios.install
FNDA:0,createPipeAxios
FNDA:0,useService
FNDA:0,useMiddleware
FNDA:0,useFetch
DA:1,1
DA:2,1
DA:3,1
DA:4,1
DA:5,1
DA:6,1
DA:7,1
DA:8,1
DA:9,1
DA:10,1
DA:11,1
DA:12,1
DA:13,1
DA:14,1
DA:15,1
DA:16,1
DA:17,1
DA:18,1
DA:19,1
DA:20,1
DA:21,1
DA:22,1
DA:23,1
DA:24,1
DA:25,1
DA:26,1
DA:27,1
DA:28,1
DA:29,1
DA:30,1
DA:31,1
DA:32,1
DA:33,1
DA:34,1
DA:35,1
DA:36,1
DA:37,1
DA:38,1
DA:39,1
DA:40,1
DA:41,1
DA:42,1
DA:43,1
DA:44,1
DA:45,1
DA:46,1
DA:47,1
DA:48,1
DA:49,1
DA:50,1
DA:51,1
DA:52,1
DA:53,1
DA:54,1
DA:55,1
DA:56,1
DA:57,1
DA:58,1
DA:59,1
DA:60,1
DA:61,1
DA:62,1
DA:63,1
DA:64,1
DA:65,0
DA:66,0
DA:67,0
DA:68,0
DA:69,0
DA:70,0
DA:71,1
DA:72,0
DA:73,0
DA:74,0
DA:75,0
DA:76,0
DA:77,0
DA:78,1
DA:79,0
DA:80,0
DA:81,0
DA:82,0
DA:83,0
DA:84,0
DA:85,1
DA:86,0
DA:87,0
DA:88,0
DA:89,0
DA:90,0
DA:91,0
DA:92,1
DA:93,1
DA:94,0
DA:95,0
DA:96,0
DA:97,0
DA:98,0
DA:99,0
DA:100,1
DA:101,1
DA:102,1
DA:103,1
DA:104,1
DA:105,1
DA:106,1
DA:107,1
DA:108,1
DA:109,1
DA:110,1
DA:111,1
DA:112,0
DA:113,0
DA:114,0
DA:115,0
DA:116,0
DA:117,0
DA:118,0
DA:119,0
DA:120,0
DA:121,0
DA:122,0
DA:123,0
DA:124,0
DA:125,0
DA:126,0
DA:127,1
DA:128,1
DA:129,1
DA:130,1
DA:131,1
DA:132,1
DA:133,0
DA:134,0
DA:135,0
DA:136,0
DA:137,0
DA:138,0
DA:139,0
DA:140,0
DA:141,0
DA:142,0
DA:143,0
DA:144,0
DA:145,0
DA:146,0
DA:147,0
DA:148,0
DA:149,0
DA:150,0
DA:151,0
DA:152,0
DA:153,0
DA:154,0
DA:155,0
DA:156,0
DA:157,1
DA:158,1
DA:159,1
DA:160,1
DA:161,1
DA:162,1
DA:163,0
DA:164,0
DA:165,0
DA:166,0
DA:167,0
DA:168,0
DA:169,0
DA:170,0
DA:171,0
DA:172,0
DA:173,0
DA:174,0
DA:175,0
DA:176,0
DA:177,1
DA:178,1
DA:179,1
DA:180,1
DA:181,1
DA:182,1
DA:183,1
DA:184,0
DA:185,0
DA:186,0
DA:187,0
DA:188,0
DA:189,0
DA:190,0
DA:191,0
DA:192,0
DA:193,0
LF:193
LH:100
BRDA:15,0,0,1
BRDA:26,1,0,1
BRDA:32,2,0,1
BRDA:57,3,0,1
BRF:4
BRH:4
end_of_record
TN:
SF:src/compose/bucket.ts
FN:4,Bucket
FN:9,Object.<anonymous>.Bucket.getId
FN:20,Object.<anonymous>.Bucket.verify
FN:30,Object.<anonymous>.Bucket.pop
FN:34,Object.<anonymous>.Bucket._getId
FNF:5
FNH:3
FNDA:1,Bucket
FNDA:1,Object.<anonymous>.Bucket.getId
FNDA:0,Object.<anonymous>.Bucket.verify
FNDA:0,Object.<anonymous>.Bucket.pop
FNDA:1,Object.<anonymous>.Bucket._getId
DA:1,1
DA:2,1
DA:3,1
DA:4,1
DA:5,1
DA:6,1
DA:7,1
DA:8,1
DA:9,1
DA:10,1
DA:11,1
DA:12,1
DA:13,1
DA:14,1
DA:15,1
DA:16,1
DA:17,1
DA:18,1
DA:19,1
DA:20,1
DA:21,0
DA:22,0
DA:23,0
DA:24,0
DA:25,0
DA:26,0
DA:27,0
DA:28,0
DA:29,1
DA:30,1
DA:31,0
DA:32,0
DA:33,1
DA:34,1
DA:35,1
DA:36,1
DA:37,1
DA:38,1
DA:39,5
DA:40,5
DA:41,5
DA:42,1
DA:43,1
DA:44,1
DA:45,5
DA:46,4
DA:47,4
DA:48,5
DA:49,1
DA:50,1
DA:51,1
DA:52,1
DA:53,1
LF:53
LH:43
BRDA:4,0,0,1
BRDA:4,1,0,1
BRDA:9,2,0,1
BRDA:34,3,0,1
BRDA:38,4,0,5
BRDA:41,5,0,1
BRDA:44,6,0,0
BRDA:45,7,0,4
BRF:8
BRH:7
end_of_record
TN:
SF:src/compose/emitter.ts
FN:4,Emitter
FN:7,Object.<anonymous>.Emitter.on
FN:17,Object.<anonymous>.Emitter.off
FN:29,Object.<anonymous>.Emitter.emit
FNF:4
FNH:1
FNDA:1,Emitter
FNDA:0,Object.<anonymous>.Emitter.on
FNDA:0,Object.<anonymous>.Emitter.off
FNDA:0,Object.<anonymous>.Emitter.emit
DA:1,1
DA:2,1
DA:3,1
DA:4,1
DA:5,1
DA:6,1
DA:7,1
DA:8,0
DA:9,0
DA:10,0
DA:11,0
DA:12,0
DA:13,0
DA:14,0
DA:15,0
DA:16,0
DA:17,1
DA:18,0
DA:19,0
DA:20,0
DA:21,0
DA:22,0
DA:23,0
DA:24,0
DA:25,0
DA:26,0
DA:27,0
DA:28,0
DA:29,1
DA:30,0
DA:31,0
DA:32,0
DA:33,0
DA:34,0
DA:35,1
LF:35
LH:10
BRDA:4,0,0,1
BRDA:4,1,0,1
BRF:2
BRH:2
end_of_record
TN:
SF:src/compose/middleware.ts
FN:8,BaseMiddleware
FN:11,Object.<anonymous>.BaseMiddleware.handle
FN:17,MiddlewareStack
FN:23,Object.<anonymous>.MiddlewareStack.register
FN:30,Object.<anonymous>.MiddlewareStack.verify
FN:34,Object.<anonymous>.MiddlewareStack.find
FNF:6
FNH:1
FNDA:0,BaseMiddleware
FNDA:0,Object.<anonymous>.BaseMiddleware.handle
FNDA:1,MiddlewareStack
FNDA:0,Object.<anonymous>.MiddlewareStack.register
FNDA:0,Object.<anonymous>.MiddlewareStack.verify
FNDA:0,Object.<anonymous>.MiddlewareStack.find
DA:1,1
DA:2,1
DA:3,1
DA:4,1
DA:5,1
DA:6,1
DA:7,1
DA:8,0
DA:9,0
DA:10,0
DA:11,0
DA:12,0
DA:13,1
DA:14,1
DA:15,1
DA:16,1
DA:17,1
DA:18,1
DA:19,0
DA:20,0
DA:21,1
DA:22,1
DA:23,1
DA:24,0
DA:25,0
DA:26,0
DA:27,0
DA:28,0
DA:29,1
DA:30,1
DA:31,0
DA:32,0
DA:33,1
DA:34,1
DA:35,0
DA:36,0
DA:37,1
LF:37
LH:21
BRDA:8,0,0,1
BRDA:14,1,0,1
BRDA:17,2,0,1
BRDA:18,3,0,0
BRDA:18,4,0,0
BRDA:18,5,0,0
BRF:6
BRH:3
end_of_record
TN:
SF:src/compose/pipeline.ts
FN:3,Pipeline
FN:4,Object.<anonymous>.Pipeline.exec
FN:5,dispatch
FNF:3
FNH:3
FNDA:1,Pipeline
FNDA:1,Object.<anonymous>.Pipeline.exec
FNDA:2,dispatch
DA:1,1
DA:2,1
DA:3,1
DA:4,1
DA:5,1
DA:6,2
DA:7,2
DA:8,2
DA:9,2
DA:10,2
DA:11,2
DA:12,1
DA:13,1
DA:14,2
DA:15,1
DA:16,1
DA:17,1
DA:18,1
LF:18
LH:18
BRDA:3,0,0,1
BRDA:3,1,0,1
BRDA:4,2,0,1
BRDA:5,3,0,2
BRDA:6,4,0,0
BRDA:11,5,0,0
BRDA:12,6,0,1
BRDA:15,7,0,1
BRF:8
BRH:6
end_of_record
TN:
SF:src/compose/processor.ts
FN:10,ProcessorStack
FN:30,Object.<anonymous>.ProcessorStack.push
FN:34,Object.<anonymous>.ProcessorStack.before
FN:43,Object.<anonymous>.ProcessorStack.after
FN:48,Object.<anonymous>.ProcessorStack.replace
FN:53,Object.<anonymous>.ProcessorStack.remove
FN:58,Object.<anonymous>.ProcessorStack._getIndex
FN:64,Object.<anonymous>.ProcessorStack.register
FNF:8
FNH:1
FNDA:1,ProcessorStack
FNDA:0,Object.<anonymous>.ProcessorStack.push
FNDA:0,Object.<anonymous>.ProcessorStack.before
FNDA:0,Object.<anonymous>.ProcessorStack.after
FNDA:0,Object.<anonymous>.ProcessorStack.replace
FNDA:0,Object.<anonymous>.ProcessorStack.remove
FNDA:0,Object.<anonymous>.ProcessorStack._getIndex
FNDA:0,Object.<anonymous>.ProcessorStack.register
DA:1,1
DA:2,1
DA:3,1
DA:4,1
DA:5,1
DA:6,1
DA:7,1
DA:8,1
DA:9,1
DA:10,1
DA:11,1
DA:12,1
DA:13,1
DA:14,1
DA:15,1
DA:16,1
DA:17,1
DA:18,0
DA:19,0
DA:20,1
DA:21,1
DA:22,1
DA:23,1
DA:24,0
DA:25,0
DA:26,1
DA:27,1
DA:28,1
DA:29,1
DA:30,1
DA:31,0
DA:32,0
DA:33,0
DA:34,1
DA:35,0
DA:36,0
DA:37,0
DA:38,0
DA:39,0
DA:40,0
DA:41,0
DA:42,0
DA:43,1
DA:44,0
DA:45,0
DA:46,0
DA:47,0
DA:48,1
DA:49,0
DA:50,0
DA:51,0
DA:52,0
DA:53,1
DA:54,0
DA:55,0
DA:56,0
DA:57,0
DA:58,1
DA:59,0
DA:60,0
DA:61,0
DA:62,0
DA:63,1
DA:64,1
DA:65,0
DA:66,0
DA:67,1
LF:67
LH:34
BRDA:7,0,0,1
BRDA:10,1,0,1
BRDA:17,2,0,0
BRDA:23,3,0,0
BRF:4
BRH:2
end_of_record
TN:
SF:src/compose/service.ts
FN:83,isService
FN:90,ServiceStack
FN:103,Object.<anonymous>.ServiceStack.register
FN:108,Object.<anonymous>.ServiceStack.find
FN:113,transformService
FNF:5
FNH:1
FNDA:0,isService
FNDA:1,ServiceStack
FNDA:0,Object.<anonymous>.ServiceStack.register
FNDA:0,Object.<anonymous>.ServiceStack.find
FNDA:0,transformService
DA:1,1
DA:2,1
DA:3,1
DA:4,1
DA:5,1
DA:6,1
DA:7,1
DA:8,1
DA:9,1
DA:10,1
DA:11,1
DA:12,1
DA:13,1
DA:14,1
DA:15,1
DA:16,1
DA:17,1
DA:18,1
DA:19,1
DA:20,1
DA:21,1
DA:22,1
DA:23,1
DA:24,1
DA:25,1
DA:26,1
DA:27,1
DA:28,1
DA:29,1
DA:30,1
DA:31,1
DA:32,1
DA:33,1
DA:34,1
DA:35,1
DA:36,1
DA:37,1
DA:38,1
DA:39,1
DA:40,1
DA:41,1
DA:42,1
DA:43,1
DA:44,1
DA:45,1
DA:46,1
DA:47,1
DA:48,1
DA:49,1
DA:50,1
DA:51,1
DA:52,1
DA:53,1
DA:54,1
DA:55,1
DA:56,1
DA:57,1
DA:58,1
DA:59,1
DA:60,1
DA:61,1
DA:62,1
DA:63,1
DA:64,1
DA:65,1
DA:66,1
DA:67,1
DA:68,1
DA:69,1
DA:70,1
DA:71,1
DA:72,1
DA:73,1
DA:74,1
DA:75,1
DA:76,1
DA:77,1
DA:78,1
DA:79,1
DA:80,1
DA:81,1
DA:82,1
DA:83,0
DA:84,0
DA:85,0
DA:86,1
DA:87,1
DA:88,1
DA:89,1
DA:90,1
DA:91,1
DA:92,0
DA:93,0
DA:94,0
DA:95,0
DA:96,0
DA:97,0
DA:98,0
DA:99,0
DA:100,0
DA:101,1
DA:102,1
DA:103,1
DA:104,0
DA:105,0
DA:106,0
DA:107,1
DA:108,1
DA:109,0
DA:110,0
DA:111,1
DA:112,1
DA:113,0
DA:114,0
DA:115,0
DA:116,0
DA:117,0
DA:118,0
DA:119,0
DA:120,0
DA:121,0
DA:122,0
DA:123,0
DA:124,0
DA:125,0
DA:126,0
DA:127,0
DA:128,0
DA:129,0
LF:129
LH:95
BRDA:87,0,0,1
BRDA:90,1,0,1
BRDA:91,2,0,0
BRDA:91,3,0,0
BRDA:91,4,0,0
BRF:5
BRH:2
end_of_record
TN:
SF:src/processor/config.processor.ts
FN:5,ConfigProcessor
FN:8,Object.<anonymous>.ConfigProcessor.handle
FNF:2
FNH:2
FNDA:1,ConfigProcessor
FNDA:1,Object.<anonymous>.ConfigProcessor.handle
DA:1,1
DA:2,1
DA:3,1
DA:4,1
DA:5,1
DA:6,1
DA:7,1
DA:8,1
DA:9,1
DA:10,1
DA:11,0
DA:12,0
DA:13,0
DA:14,0
DA:15,0
DA:16,0
DA:17,0
DA:18,1
DA:19,1
DA:20,1
DA:21,1
DA:22,1
DA:23,1
DA:24,0
DA:25,0
DA:26,1
DA:27,1
DA:28,1
DA:29,1
DA:30,1
DA:31,1
LF:31
LH:22
BRDA:5,0,0,1
BRDA:5,1,0,1
BRDA:8,2,0,1
BRDA:10,3,0,0
BRDA:10,4,0,0
BRDA:20,5,0,0
BRDA:23,6,0,0
BRF:7
BRH:3
end_of_record
TN:
SF:src/processor/interface.ts
FN:7,BaseProcessor
FN:55,Object.<anonymous>.BaseProcessor.handle
FNF:2
FNH:2
FNDA:2,BaseProcessor
FNDA:1,Object.<anonymous>.BaseProcessor.handle
DA:1,1
DA:2,1
DA:3,1
DA:4,1
DA:5,1
DA:6,1
DA:7,1
DA:8,2
DA:9,2
DA:10,2
DA:11,2
DA:12,2
DA:13,2
DA:14,0
DA:15,0
DA:16,0
DA:17,0
DA:18,0
DA:19,0
DA:20,0
DA:21,0
DA:22,0
DA:23,0
DA:24,0
DA:25,0
DA:26,0
DA:27,0
DA:28,0
DA:29,0
DA:30,2
DA:31,2
DA:32,2
DA:33,2
DA:34,2
DA:35,2
DA:36,0
DA:37,0
DA:38,0
DA:39,0
DA:40,0
DA:41,0
DA:42,0
DA:43,0
DA:44,2
DA:45,2
DA:46,2
DA:47,2
DA:48,2
DA:49,2
DA:50,2
DA:51,2
DA:52,2
DA:53,2
DA:54,1
DA:55,1
DA:56,1
DA:57,1
DA:58,1
DA:59,1
DA:60,1
LF:60
LH:36
BRDA:4,0,0,1
BRDA:7,1,0,2
BRDA:9,2,0,2
BRDA:10,3,0,0
BRDA:11,4,0,0
BRDA:14,5,0,0
BRDA:32,6,0,0
BRDA:55,7,0,1
BRF:8
BRH:4
end_of_record
TN:
SF:src/processor/request.processor.ts
FN:15,RequestProcessor
FN:20,Object.<anonymous>.RequestProcessor.handle
FNF:2
FNH:2
FNDA:1,RequestProcessor
FNDA:1,Object.<anonymous>.RequestProcessor.handle
DA:1,1
DA:2,1
DA:3,1
DA:4,1
DA:5,1
DA:6,1
DA:7,1
DA:8,1
DA:9,1
DA:10,1
DA:11,1
DA:12,1
DA:13,1
DA:14,1
DA:15,1
DA:16,1
DA:17,1
DA:18,1
DA:19,1
DA:20,1
DA:21,1
DA:22,1
DA:23,1
DA:24,1
DA:25,1
DA:26,1
DA:27,1
DA:28,1
DA:29,1
DA:30,1
DA:31,1
DA:32,1
DA:33,1
DA:34,1
DA:35,1
DA:36,1
DA:37,1
DA:38,1
DA:39,1
DA:40,1
DA:41,1
DA:42,1
DA:43,0
DA:44,0
DA:45,0
DA:46,0
DA:47,1
DA:48,1
DA:49,1
DA:50,1
DA:51,1
DA:52,1
DA:53,1
LF:53
LH:49
BRDA:10,0,0,1
BRDA:15,1,0,1
BRDA:20,2,0,1
BRDA:34,3,0,0
BRDA:42,4,0,0
BRDA:28,5,0,1
BRDA:30,6,0,0
BRDA:30,7,0,0
BRF:8
BRH:4
end_of_record
TN:
SF:src/processor/unique.processor.ts
FN:9,UniqueError
FN:20,UniqueProcessor
FN:25,Object.<anonymous>.UniqueProcessor.handle
FNF:3
FNH:0
FNDA:0,UniqueError
FNDA:0,UniqueProcessor
FNDA:0,Object.<anonymous>.UniqueProcessor.handle
DA:1,1
DA:2,1
DA:3,1
DA:4,1
DA:5,1
DA:6,1
DA:7,1
DA:8,1
DA:9,1
DA:10,0
DA:11,0
DA:12,0
DA:13,1
DA:14,1
DA:15,1
DA:16,1
DA:17,1
DA:18,1
DA:19,1
DA:20,1
DA:21,0
DA:22,0
DA:23,0
DA:24,1
DA:25,1
DA:26,0
DA:27,0
DA:28,0
DA:29,1
LF:29
LH:20
BRDA:8,0,0,1
BRDA:15,1,0,1
BRF:2
BRH:2
end_of_record
TN:
SF:src/utils/md5.js
FN:1,md5
FN:2,b
FN:6,c
FN:24,d
FN:28,e
FN:32,f
FN:36,g
FN:40,h
FN:44,i
FN:48,j
FN:52,k
FN:56,l
FN:83,m
FN:95,n
FNF:14
FNH:14
FNDA:1,md5
FNDA:128,b
FNDA:520,c
FNDA:32,d
FNDA:32,e
FNDA:32,f
FNDA:32,g
FNDA:32,h
FNDA:32,i
FNDA:32,j
FNDA:32,k
FNDA:1,l
FNDA:4,m
FNDA:1,n
DA:1,1
DA:2,1
DA:3,128
DA:4,128
DA:5,1
DA:6,1
DA:7,520
DA:8,520
DA:9,520
DA:10,520
DA:11,520
DA:12,520
DA:13,520
DA:14,520
DA:15,113
DA:16,407
DA:17,261
DA:18,135
DA:19,126
DA:20,146
DA:21,520
DA:22,520
DA:23,1
DA:24,1
DA:25,32
DA:26,32
DA:27,1
DA:28,1
DA:29,32
DA:30,32
DA:31,1
DA:32,1
DA:33,32
DA:34,32
DA:35,1
DA:36,1
DA:37,32
DA:38,32
DA:39,1
DA:40,1
DA:41,32
DA:42,32
DA:43,1
DA:44,1
DA:45,32
DA:46,32
DA:47,1
DA:48,1
DA:49,32
DA:50,32
DA:51,1
DA:52,1
DA:53,32
DA:54,32
DA:55,1
DA:56,1
DA:57,1
DA:58,1
DA:59,1
DA:60,1
DA:61,1
DA:62,1
DA:63,1
DA:64,1
DA:65,1
DA:66,1
DA:67,1
DA:68,1
DA:69,1
DA:70,72
DA:71,72
DA:72,72
DA:73,1
DA:74,1
DA:75,1
DA:76,1
DA:77,1
DA:78,1
DA:79,1
DA:80,1
DA:81,1
DA:82,1
DA:83,1
DA:84,4
DA:85,4
DA:86,4
DA:87,4
DA:88,4
DA:89,4
DA:90,16
DA:91,16
DA:92,4
DA:93,4
DA:94,1
DA:95,1
DA:96,1
DA:97,1
DA:98,72
DA:99,72
DA:100,72
DA:101,0
DA:102,0
DA:103,0
DA:104,0
DA:105,0
DA:106,0
DA:107,72
DA:108,1
DA:109,1
DA:110,1
DA:111,1
DA:112,1
DA:113,1
DA:114,1
DA:115,1
DA:116,1
DA:117,1
DA:118,1
DA:119,1
DA:120,1
DA:121,1
DA:122,1
DA:123,1
DA:124,1
DA:125,1
DA:126,1
DA:127,1
DA:128,1
DA:129,1
DA:130,1
DA:131,1
DA:132,1
DA:133,1
DA:134,1
DA:135,1
DA:136,1
DA:137,1
DA:138,1
DA:139,1
DA:140,1
DA:141,1
DA:142,1
DA:143,1
DA:144,1
DA:145,1
DA:146,1
DA:147,1
DA:148,1
DA:149,2
DA:150,2
DA:151,2
DA:152,2
DA:153,2
DA:154,2
DA:155,2
DA:156,2
DA:157,2
DA:158,2
DA:159,2
DA:160,2
DA:161,2
DA:162,2
DA:163,2
DA:164,2
DA:165,2
DA:166,2
DA:167,2
DA:168,2
DA:169,2
DA:170,2
DA:171,2
DA:172,2
DA:173,2
DA:174,2
DA:175,2
DA:176,2
DA:177,2
DA:178,2
DA:179,2
DA:180,2
DA:181,2
DA:182,2
DA:183,2
DA:184,2
DA:185,2
DA:186,2
DA:187,2
DA:188,2
DA:189,2
DA:190,2
DA:191,2
DA:192,2
DA:193,2
DA:194,2
DA:195,2
DA:196,2
DA:197,2
DA:198,2
DA:199,2
DA:200,2
DA:201,2
DA:202,2
DA:203,2
DA:204,2
DA:205,2
DA:206,2
DA:207,2
DA:208,2
DA:209,2
DA:210,2
DA:211,2
DA:212,2
DA:213,2
DA:214,2
DA:215,2
DA:216,2
DA:217,2
DA:218,2
DA:219,2
DA:220,1
DA:221,1
DA:222,1
LF:222
LH:216
BRDA:1,0,0,1
BRDA:148,1,0,2
BRDA:2,2,0,128
BRDA:6,3,0,520
BRDA:15,4,0,113
BRDA:16,5,0,407
BRDA:17,6,0,261
BRDA:18,7,0,135
BRDA:19,8,0,126
BRDA:20,9,0,146
BRDA:24,10,0,32
BRDA:28,11,0,32
BRDA:32,12,0,32
BRDA:36,13,0,32
BRDA:40,14,0,32
BRDA:44,15,0,32
BRDA:48,16,0,32
BRDA:52,17,0,32
BRDA:56,18,0,1
BRDA:69,19,0,72
BRDA:83,20,0,4
BRDA:89,21,0,16
BRDA:95,22,0,1
BRDA:97,23,0,72
BRDA:100,24,0,0
BRF:25
BRH:24
end_of_record
TN:
SF:src/utils/string.ts
FN:3,UpperFirstWord
FNF:1
FNH:0
FNDA:0,UpperFirstWord
DA:1,1
DA:2,1
DA:3,0
DA:4,0
DA:5,0
DA:6,0
LF:6
LH:2
BRF:0
BRH:0
end_of_record
TN:
SF:src/utils/transform.ts
FN:6,transformPathParams
FN:29,transformQueryParams
FNF:2
FNH:0
FNDA:0,transformPathParams
FNDA:0,transformQueryParams
DA:1,1
DA:2,1
DA:3,1
DA:4,1
DA:5,1
DA:6,0
DA:7,0
DA:8,0
DA:9,0
DA:10,0
DA:11,0
DA:12,0
DA:13,0
DA:14,0
DA:15,0
DA:16,0
DA:17,0
DA:18,0
DA:19,0
DA:20,0
DA:21,0
DA:22,0
DA:23,1
DA:24,1
DA:25,1
DA:26,1
DA:27,1
DA:28,1
DA:29,0
DA:30,0
DA:31,0
DA:32,0
DA:33,0
DA:34,0
DA:35,0
DA:36,0
DA:37,0
DA:38,0
DA:39,0
LF:39
LH:11
BRF:0
BRH:0
end_of_record
TN:
SF:src/utils/type.ts
FN:1,getType
FN:6,isObject
FN:10,isArray
FN:14,isString
FN:18,isNumber
FN:22,isFunction
FNF:6
FNH:0
FNDA:0,getType
FNDA:0,isObject
FNDA:0,isArray
FNDA:0,isString
FNDA:0,isNumber
FNDA:0,isFunction
DA:1,0
DA:2,0
DA:3,0
DA:4,0
DA:5,1
DA:6,0
DA:7,0
DA:8,0
DA:9,1
DA:10,0
DA:11,0
DA:12,0
DA:13,1
DA:14,0
DA:15,0
DA:16,0
DA:17,1
DA:18,0
DA:19,0
DA:20,0
DA:21,1
DA:22,0
DA:23,0
DA:24,0
LF:24
LH:5
BRF:0
BRH:0
end_of_record
